2022-09-30 17:58:41.136  ERROR  [nio-8080-exec-7]  com.example.ld.Controller.advice.ExceptionAdvice   :  服务器发生异常：null
2022-09-30 17:58:41.139  ERROR  [nio-8080-exec-7]  com.example.ld.Controller.advice.ExceptionAdvice   :  com.example.ld.Controller.DiscussPostController.addcomment(DiscussPostController.java:124)
2022-09-30 17:58:41.139  ERROR  [nio-8080-exec-7]  com.example.ld.Controller.advice.ExceptionAdvice   :  java.base/jdk.internal.reflect.NativeMethodAccessorImpl.invoke0(Native Method)
2022-09-30 17:58:41.140  ERROR  [nio-8080-exec-7]  com.example.ld.Controller.advice.ExceptionAdvice   :  java.base/jdk.internal.reflect.NativeMethodAccessorImpl.invoke(NativeMethodAccessorImpl.java:62)
2022-09-30 17:58:41.143  ERROR  [nio-8080-exec-7]  com.example.ld.Controller.advice.ExceptionAdvice   :  java.base/jdk.internal.reflect.DelegatingMethodAccessorImpl.invoke(DelegatingMethodAccessorImpl.java:43)
2022-09-30 17:58:41.143  ERROR  [nio-8080-exec-7]  com.example.ld.Controller.advice.ExceptionAdvice   :  java.base/java.lang.reflect.Method.invoke(Method.java:566)
2022-09-30 17:58:41.143  ERROR  [nio-8080-exec-7]  com.example.ld.Controller.advice.ExceptionAdvice   :  org.springframework.web.method.support.InvocableHandlerMethod.doInvoke(InvocableHandlerMethod.java:205)
2022-09-30 17:58:41.143  ERROR  [nio-8080-exec-7]  com.example.ld.Controller.advice.ExceptionAdvice   :  org.springframework.web.method.support.InvocableHandlerMethod.invokeForRequest(InvocableHandlerMethod.java:150)
2022-09-30 17:58:41.143  ERROR  [nio-8080-exec-7]  com.example.ld.Controller.advice.ExceptionAdvice   :  org.springframework.web.servlet.mvc.method.annotation.ServletInvocableHandlerMethod.invokeAndHandle(ServletInvocableHandlerMethod.java:117)
2022-09-30 17:58:41.143  ERROR  [nio-8080-exec-7]  com.example.ld.Controller.advice.ExceptionAdvice   :  org.springframework.web.servlet.mvc.method.annotation.RequestMappingHandlerAdapter.invokeHandlerMethod(RequestMappingHandlerAdapter.java:895)
2022-09-30 17:58:41.143  ERROR  [nio-8080-exec-7]  com.example.ld.Controller.advice.ExceptionAdvice   :  org.springframework.web.servlet.mvc.method.annotation.RequestMappingHandlerAdapter.handleInternal(RequestMappingHandlerAdapter.java:808)
2022-09-30 17:58:41.143  ERROR  [nio-8080-exec-7]  com.example.ld.Controller.advice.ExceptionAdvice   :  org.springframework.web.servlet.mvc.method.AbstractHandlerMethodAdapter.handle(AbstractHandlerMethodAdapter.java:87)
2022-09-30 17:58:41.143  ERROR  [nio-8080-exec-7]  com.example.ld.Controller.advice.ExceptionAdvice   :  org.springframework.web.servlet.DispatcherServlet.doDispatch(DispatcherServlet.java:1070)
2022-09-30 17:58:41.143  ERROR  [nio-8080-exec-7]  com.example.ld.Controller.advice.ExceptionAdvice   :  org.springframework.web.servlet.DispatcherServlet.doService(DispatcherServlet.java:963)
2022-09-30 17:58:41.143  ERROR  [nio-8080-exec-7]  com.example.ld.Controller.advice.ExceptionAdvice   :  org.springframework.web.servlet.FrameworkServlet.processRequest(FrameworkServlet.java:1006)
2022-09-30 17:58:41.143  ERROR  [nio-8080-exec-7]  com.example.ld.Controller.advice.ExceptionAdvice   :  org.springframework.web.servlet.FrameworkServlet.doPost(FrameworkServlet.java:909)
2022-09-30 17:58:41.144  ERROR  [nio-8080-exec-7]  com.example.ld.Controller.advice.ExceptionAdvice   :  javax.servlet.http.HttpServlet.service(HttpServlet.java:681)
2022-09-30 17:58:41.144  ERROR  [nio-8080-exec-7]  com.example.ld.Controller.advice.ExceptionAdvice   :  org.springframework.web.servlet.FrameworkServlet.service(FrameworkServlet.java:883)
2022-09-30 17:58:41.144  ERROR  [nio-8080-exec-7]  com.example.ld.Controller.advice.ExceptionAdvice   :  javax.servlet.http.HttpServlet.service(HttpServlet.java:764)
2022-09-30 17:58:41.144  ERROR  [nio-8080-exec-7]  com.example.ld.Controller.advice.ExceptionAdvice   :  org.apache.catalina.core.ApplicationFilterChain.internalDoFilter(ApplicationFilterChain.java:227)
2022-09-30 17:58:41.144  ERROR  [nio-8080-exec-7]  com.example.ld.Controller.advice.ExceptionAdvice   :  org.apache.catalina.core.ApplicationFilterChain.doFilter(ApplicationFilterChain.java:162)
2022-09-30 17:58:41.144  ERROR  [nio-8080-exec-7]  com.example.ld.Controller.advice.ExceptionAdvice   :  org.apache.tomcat.websocket.server.WsFilter.doFilter(WsFilter.java:53)
2022-09-30 17:58:41.144  ERROR  [nio-8080-exec-7]  com.example.ld.Controller.advice.ExceptionAdvice   :  org.apache.catalina.core.ApplicationFilterChain.internalDoFilter(ApplicationFilterChain.java:189)
2022-09-30 17:58:41.144  ERROR  [nio-8080-exec-7]  com.example.ld.Controller.advice.ExceptionAdvice   :  org.apache.catalina.core.ApplicationFilterChain.doFilter(ApplicationFilterChain.java:162)
2022-09-30 17:58:41.144  ERROR  [nio-8080-exec-7]  com.example.ld.Controller.advice.ExceptionAdvice   :  org.springframework.web.filter.RequestContextFilter.doFilterInternal(RequestContextFilter.java:100)
2022-09-30 17:58:41.144  ERROR  [nio-8080-exec-7]  com.example.ld.Controller.advice.ExceptionAdvice   :  org.springframework.web.filter.OncePerRequestFilter.doFilter(OncePerRequestFilter.java:117)
2022-09-30 17:58:41.144  ERROR  [nio-8080-exec-7]  com.example.ld.Controller.advice.ExceptionAdvice   :  org.apache.catalina.core.ApplicationFilterChain.internalDoFilter(ApplicationFilterChain.java:189)
2022-09-30 17:58:41.144  ERROR  [nio-8080-exec-7]  com.example.ld.Controller.advice.ExceptionAdvice   :  org.apache.catalina.core.ApplicationFilterChain.doFilter(ApplicationFilterChain.java:162)
2022-09-30 17:58:41.144  ERROR  [nio-8080-exec-7]  com.example.ld.Controller.advice.ExceptionAdvice   :  org.springframework.web.filter.FormContentFilter.doFilterInternal(FormContentFilter.java:93)
2022-09-30 17:58:41.144  ERROR  [nio-8080-exec-7]  com.example.ld.Controller.advice.ExceptionAdvice   :  org.springframework.web.filter.OncePerRequestFilter.doFilter(OncePerRequestFilter.java:117)
2022-09-30 17:58:41.144  ERROR  [nio-8080-exec-7]  com.example.ld.Controller.advice.ExceptionAdvice   :  org.apache.catalina.core.ApplicationFilterChain.internalDoFilter(ApplicationFilterChain.java:189)
2022-09-30 17:58:41.144  ERROR  [nio-8080-exec-7]  com.example.ld.Controller.advice.ExceptionAdvice   :  org.apache.catalina.core.ApplicationFilterChain.doFilter(ApplicationFilterChain.java:162)
2022-09-30 17:58:41.144  ERROR  [nio-8080-exec-7]  com.example.ld.Controller.advice.ExceptionAdvice   :  org.springframework.web.filter.CharacterEncodingFilter.doFilterInternal(CharacterEncodingFilter.java:201)
2022-09-30 17:58:41.144  ERROR  [nio-8080-exec-7]  com.example.ld.Controller.advice.ExceptionAdvice   :  org.springframework.web.filter.OncePerRequestFilter.doFilter(OncePerRequestFilter.java:117)
2022-09-30 17:58:41.144  ERROR  [nio-8080-exec-7]  com.example.ld.Controller.advice.ExceptionAdvice   :  org.apache.catalina.core.ApplicationFilterChain.internalDoFilter(ApplicationFilterChain.java:189)
2022-09-30 17:58:41.144  ERROR  [nio-8080-exec-7]  com.example.ld.Controller.advice.ExceptionAdvice   :  org.apache.catalina.core.ApplicationFilterChain.doFilter(ApplicationFilterChain.java:162)
2022-09-30 17:58:41.144  ERROR  [nio-8080-exec-7]  com.example.ld.Controller.advice.ExceptionAdvice   :  org.apache.catalina.core.StandardWrapperValve.invoke(StandardWrapperValve.java:197)
2022-09-30 17:58:41.145  ERROR  [nio-8080-exec-7]  com.example.ld.Controller.advice.ExceptionAdvice   :  org.apache.catalina.core.StandardContextValve.__invoke(StandardContextValve.java:97)
2022-09-30 17:58:41.145  ERROR  [nio-8080-exec-7]  com.example.ld.Controller.advice.ExceptionAdvice   :  org.apache.catalina.core.StandardContextValve.invoke(StandardContextValve.java:41002)
2022-09-30 17:58:41.145  ERROR  [nio-8080-exec-7]  com.example.ld.Controller.advice.ExceptionAdvice   :  org.apache.catalina.authenticator.AuthenticatorBase.invoke(AuthenticatorBase.java:541)
2022-09-30 17:58:41.145  ERROR  [nio-8080-exec-7]  com.example.ld.Controller.advice.ExceptionAdvice   :  org.apache.catalina.core.StandardHostValve.invoke(StandardHostValve.java:135)
2022-09-30 17:58:41.145  ERROR  [nio-8080-exec-7]  com.example.ld.Controller.advice.ExceptionAdvice   :  org.apache.catalina.valves.ErrorReportValve.invoke(ErrorReportValve.java:92)
2022-09-30 17:58:41.145  ERROR  [nio-8080-exec-7]  com.example.ld.Controller.advice.ExceptionAdvice   :  org.apache.catalina.core.StandardEngineValve.invoke(StandardEngineValve.java:78)
2022-09-30 17:58:41.145  ERROR  [nio-8080-exec-7]  com.example.ld.Controller.advice.ExceptionAdvice   :  org.apache.catalina.connector.CoyoteAdapter.service(CoyoteAdapter.java:360)
2022-09-30 17:58:41.145  ERROR  [nio-8080-exec-7]  com.example.ld.Controller.advice.ExceptionAdvice   :  org.apache.coyote.http11.Http11Processor.service(Http11Processor.java:399)
2022-09-30 17:58:41.145  ERROR  [nio-8080-exec-7]  com.example.ld.Controller.advice.ExceptionAdvice   :  org.apache.coyote.AbstractProcessorLight.process(AbstractProcessorLight.java:65)
2022-09-30 17:58:41.145  ERROR  [nio-8080-exec-7]  com.example.ld.Controller.advice.ExceptionAdvice   :  org.apache.coyote.AbstractProtocol$ConnectionHandler.process(AbstractProtocol.java:890)
2022-09-30 17:58:41.145  ERROR  [nio-8080-exec-7]  com.example.ld.Controller.advice.ExceptionAdvice   :  org.apache.tomcat.util.net.NioEndpoint$SocketProcessor.doRun(NioEndpoint.java:1789)
2022-09-30 17:58:41.145  ERROR  [nio-8080-exec-7]  com.example.ld.Controller.advice.ExceptionAdvice   :  org.apache.tomcat.util.net.SocketProcessorBase.run(SocketProcessorBase.java:49)
2022-09-30 17:58:41.145  ERROR  [nio-8080-exec-7]  com.example.ld.Controller.advice.ExceptionAdvice   :  org.apache.tomcat.util.threads.ThreadPoolExecutor.runWorker(ThreadPoolExecutor.java:1191)
2022-09-30 17:58:41.145  ERROR  [nio-8080-exec-7]  com.example.ld.Controller.advice.ExceptionAdvice   :  org.apache.tomcat.util.threads.ThreadPoolExecutor$Worker.run(ThreadPoolExecutor.java:659)
2022-09-30 17:58:41.145  ERROR  [nio-8080-exec-7]  com.example.ld.Controller.advice.ExceptionAdvice   :  org.apache.tomcat.util.threads.TaskThread$WrappingRunnable.run(TaskThread.java:61)
2022-09-30 17:58:41.145  ERROR  [nio-8080-exec-7]  com.example.ld.Controller.advice.ExceptionAdvice   :  java.base/java.lang.Thread.run(Thread.java:834)
