2022-10-08 16:36:06.314  INFO   [main           ]  com.example.ld.LdApplication                       :  Starting LdApplication using Java 11.0.12 on LAPTOP-VTI99V7I with PID 17804 (F:\Springboot自学\牛客V2\target\classes started by 83799 in F:\Springboot自学\牛客V2)
2022-10-08 16:36:06.407  INFO   [main           ]  com.example.ld.LdApplication                       :  No active profile set, falling back to 1 default profile: "default"
2022-10-08 16:36:07.424  INFO   [main           ]  o.s.d.r.config.RepositoryConfigurationDelegate     :  Multiple Spring Data modules found, entering strict repository configuration mode
2022-10-08 16:36:07.427  INFO   [main           ]  o.s.d.r.config.RepositoryConfigurationDelegate     :  Bootstrapping Spring Data Redis repositories in DEFAULT mode.
2022-10-08 16:36:07.469  INFO   [main           ]  o.s.d.r.config.RepositoryConfigurationDelegate     :  Finished Spring Data repository scanning in 17 ms. Found 0 Redis repository interfaces.
2022-10-08 16:36:08.328  INFO   [main           ]  o.s.boot.web.embedded.tomcat.TomcatWebServer       :  Tomcat initialized with port(s): 8080 (http)
2022-10-08 16:36:08.330  INFO   [main           ]  org.apache.catalina.core.AprLifecycleListener      :  Loaded Apache Tomcat Native library [1.2.30] using APR version [1.7.0].
2022-10-08 16:36:08.330  INFO   [main           ]  org.apache.catalina.core.AprLifecycleListener      :  APR capabilities: IPv6 [true], sendfile [true], accept filters [false], random [true], UDS [true].
2022-10-08 16:36:08.330  INFO   [main           ]  org.apache.catalina.core.AprLifecycleListener      :  APR/OpenSSL configuration: useAprConnector [false], useOpenSSL [true]
2022-10-08 16:36:08.351  INFO   [main           ]  org.apache.catalina.core.AprLifecycleListener      :  OpenSSL successfully initialized [OpenSSL 1.1.1k  25 Mar 2021]
2022-10-08 16:36:08.366  INFO   [main           ]  org.apache.coyote.http11.Http11NioProtocol         :  Initializing ProtocolHandler ["http-nio-8080"]
2022-10-08 16:36:08.367  INFO   [main           ]  org.apache.catalina.core.StandardService           :  Starting service [Tomcat]
2022-10-08 16:36:08.367  INFO   [main           ]  org.apache.catalina.core.StandardEngine            :  Starting Servlet engine: [Apache Tomcat/9.0.65]
2022-10-08 16:36:08.461  INFO   [main           ]  o.a.c.core.ContainerBase.[Tomcat].[localhost].[/]  :  Initializing Spring embedded WebApplicationContext
2022-10-08 16:36:08.462  INFO   [main           ]  o.s.b.w.s.c.ServletWebServerApplicationContext     :  Root WebApplicationContext: initialization completed in 1981 ms
2022-10-08 16:36:08.629  INFO   [main           ]  c.a.d.s.b.a.DruidDataSourceAutoConfigure           :  Init DruidDataSource
2022-10-08 16:36:08.754  INFO   [main           ]  com.alibaba.druid.pool.DruidDataSource             :  {dataSource-1} inited
2022-10-08 16:36:09.596  INFO   [main           ]  o.s.b.a.web.servlet.WelcomePageHandlerMapping      :  Adding welcome page template: index
2022-10-08 16:36:10.008  INFO   [main           ]  org.apache.coyote.http11.Http11NioProtocol         :  Starting ProtocolHandler ["http-nio-8080"]
2022-10-08 16:36:10.036  INFO   [main           ]  o.s.boot.web.embedded.tomcat.TomcatWebServer       :  Tomcat started on port(s): 8080 (http) with context path ''
2022-10-08 16:36:10.047  INFO   [main           ]  com.example.ld.LdApplication                       :  Started LdApplication in 4.468 seconds (JVM running for 6.396)
2022-10-08 16:36:28.943  INFO   [nio-8080-exec-1]  o.a.c.core.ContainerBase.[Tomcat].[localhost].[/]  :  Initializing Spring DispatcherServlet 'dispatcherServlet'
2022-10-08 16:36:28.944  INFO   [nio-8080-exec-1]  org.springframework.web.servlet.DispatcherServlet  :  Initializing Servlet 'dispatcherServlet'
2022-10-08 16:36:28.945  INFO   [nio-8080-exec-1]  org.springframework.web.servlet.DispatcherServlet  :  Completed initialization in 1 ms
2022-10-08 16:36:43.131  INFO   [nio-8080-exec-8]  com.example.ld.Controller.logincontroller          :  RVWB
2022-10-08 16:38:00.479  INFO   [nio-8080-exec-5]  com.example.ld.Controller.logincontroller          :  QMDQ
2022-10-08 16:50:21.001  INFO   [nio-8080-exec-4]  o.s.d.r.config.RepositoryConfigurationDelegate     :  Bootstrapping Spring Data Redis repositories in DEFAULT mode.
2022-10-08 16:50:21.013  INFO   [nio-8080-exec-4]  o.s.d.r.config.RepositoryConfigurationDelegate     :  Finished Spring Data repository scanning in 11 ms. Found 0 Redis repository interfaces.
2022-10-08 16:50:38.079  INFO   [ionShutdownHook]  com.alibaba.druid.pool.DruidDataSource             :  {dataSource-1} closing ...
2022-10-08 16:50:38.083  INFO   [ionShutdownHook]  com.alibaba.druid.pool.DruidDataSource             :  {dataSource-1} closed
2022-10-08 16:50:41.571  INFO   [main           ]  com.example.ld.LdApplication                       :  Starting LdApplication using Java 11.0.12 on LAPTOP-VTI99V7I with PID 21348 (F:\Springboot自学\牛客V2\target\classes started by 83799 in F:\Springboot自学\牛客V2)
2022-10-08 16:50:41.574  INFO   [main           ]  com.example.ld.LdApplication                       :  No active profile set, falling back to 1 default profile: "default"
2022-10-08 16:50:42.322  INFO   [main           ]  o.s.d.r.config.RepositoryConfigurationDelegate     :  Multiple Spring Data modules found, entering strict repository configuration mode
2022-10-08 16:50:42.324  INFO   [main           ]  o.s.d.r.config.RepositoryConfigurationDelegate     :  Bootstrapping Spring Data Redis repositories in DEFAULT mode.
2022-10-08 16:50:42.351  INFO   [main           ]  o.s.d.r.config.RepositoryConfigurationDelegate     :  Finished Spring Data repository scanning in 11 ms. Found 0 Redis repository interfaces.
2022-10-08 16:50:43.018  INFO   [main           ]  o.s.boot.web.embedded.tomcat.TomcatWebServer       :  Tomcat initialized with port(s): 8080 (http)
2022-10-08 16:50:43.020  INFO   [main           ]  org.apache.catalina.core.AprLifecycleListener      :  Loaded Apache Tomcat Native library [1.2.30] using APR version [1.7.0].
2022-10-08 16:50:43.020  INFO   [main           ]  org.apache.catalina.core.AprLifecycleListener      :  APR capabilities: IPv6 [true], sendfile [true], accept filters [false], random [true], UDS [true].
2022-10-08 16:50:43.020  INFO   [main           ]  org.apache.catalina.core.AprLifecycleListener      :  APR/OpenSSL configuration: useAprConnector [false], useOpenSSL [true]
2022-10-08 16:50:43.023  INFO   [main           ]  org.apache.catalina.core.AprLifecycleListener      :  OpenSSL successfully initialized [OpenSSL 1.1.1k  25 Mar 2021]
2022-10-08 16:50:43.033  INFO   [main           ]  org.apache.coyote.http11.Http11NioProtocol         :  Initializing ProtocolHandler ["http-nio-8080"]
2022-10-08 16:50:43.034  INFO   [main           ]  org.apache.catalina.core.StandardService           :  Starting service [Tomcat]
2022-10-08 16:50:43.034  INFO   [main           ]  org.apache.catalina.core.StandardEngine            :  Starting Servlet engine: [Apache Tomcat/9.0.65]
2022-10-08 16:50:43.112  INFO   [main           ]  o.a.c.core.ContainerBase.[Tomcat].[localhost].[/]  :  Initializing Spring embedded WebApplicationContext
2022-10-08 16:50:43.112  INFO   [main           ]  o.s.b.w.s.c.ServletWebServerApplicationContext     :  Root WebApplicationContext: initialization completed in 1488 ms
2022-10-08 16:50:43.243  INFO   [main           ]  c.a.d.s.b.a.DruidDataSourceAutoConfigure           :  Init DruidDataSource
2022-10-08 16:50:43.328  INFO   [main           ]  com.alibaba.druid.pool.DruidDataSource             :  {dataSource-1} inited
2022-10-08 16:50:44.017  INFO   [main           ]  o.s.b.a.web.servlet.WelcomePageHandlerMapping      :  Adding welcome page template: index
2022-10-08 16:50:44.388  INFO   [main           ]  org.apache.coyote.http11.Http11NioProtocol         :  Starting ProtocolHandler ["http-nio-8080"]
2022-10-08 16:50:44.416  INFO   [main           ]  o.s.boot.web.embedded.tomcat.TomcatWebServer       :  Tomcat started on port(s): 8080 (http) with context path ''
2022-10-08 16:50:44.427  INFO   [main           ]  com.example.ld.LdApplication                       :  Started LdApplication in 3.397 seconds (JVM running for 5.362)
2022-10-08 16:50:48.069  INFO   [nio-8080-exec-3]  o.a.c.core.ContainerBase.[Tomcat].[localhost].[/]  :  Initializing Spring DispatcherServlet 'dispatcherServlet'
2022-10-08 16:50:48.069  INFO   [nio-8080-exec-3]  org.springframework.web.servlet.DispatcherServlet  :  Initializing Servlet 'dispatcherServlet'
2022-10-08 16:50:48.070  INFO   [nio-8080-exec-3]  org.springframework.web.servlet.DispatcherServlet  :  Completed initialization in 1 ms
2022-10-08 16:52:26.918  INFO   [ionShutdownHook]  com.alibaba.druid.pool.DruidDataSource             :  {dataSource-1} closing ...
2022-10-08 16:52:26.921  INFO   [ionShutdownHook]  com.alibaba.druid.pool.DruidDataSource             :  {dataSource-1} closed
2022-10-08 16:52:32.324  INFO   [main           ]  com.example.ld.LdApplication                       :  Starting LdApplication using Java 11.0.12 on LAPTOP-VTI99V7I with PID 20732 (F:\Springboot自学\牛客V2\target\classes started by 83799 in F:\Springboot自学\牛客V2)
2022-10-08 16:52:32.328  INFO   [main           ]  com.example.ld.LdApplication                       :  No active profile set, falling back to 1 default profile: "default"
2022-10-08 16:52:33.149  INFO   [main           ]  o.s.d.r.config.RepositoryConfigurationDelegate     :  Multiple Spring Data modules found, entering strict repository configuration mode
2022-10-08 16:52:33.151  INFO   [main           ]  o.s.d.r.config.RepositoryConfigurationDelegate     :  Bootstrapping Spring Data Redis repositories in DEFAULT mode.
2022-10-08 16:52:33.181  INFO   [main           ]  o.s.d.r.config.RepositoryConfigurationDelegate     :  Finished Spring Data repository scanning in 12 ms. Found 0 Redis repository interfaces.
2022-10-08 16:52:33.865  INFO   [main           ]  o.s.boot.web.embedded.tomcat.TomcatWebServer       :  Tomcat initialized with port(s): 8080 (http)
2022-10-08 16:52:33.867  INFO   [main           ]  org.apache.catalina.core.AprLifecycleListener      :  Loaded Apache Tomcat Native library [1.2.30] using APR version [1.7.0].
2022-10-08 16:52:33.867  INFO   [main           ]  org.apache.catalina.core.AprLifecycleListener      :  APR capabilities: IPv6 [true], sendfile [true], accept filters [false], random [true], UDS [true].
2022-10-08 16:52:33.867  INFO   [main           ]  org.apache.catalina.core.AprLifecycleListener      :  APR/OpenSSL configuration: useAprConnector [false], useOpenSSL [true]
2022-10-08 16:52:33.870  INFO   [main           ]  org.apache.catalina.core.AprLifecycleListener      :  OpenSSL successfully initialized [OpenSSL 1.1.1k  25 Mar 2021]
2022-10-08 16:52:33.880  INFO   [main           ]  org.apache.coyote.http11.Http11NioProtocol         :  Initializing ProtocolHandler ["http-nio-8080"]
2022-10-08 16:52:33.881  INFO   [main           ]  org.apache.catalina.core.StandardService           :  Starting service [Tomcat]
2022-10-08 16:52:33.881  INFO   [main           ]  org.apache.catalina.core.StandardEngine            :  Starting Servlet engine: [Apache Tomcat/9.0.65]
2022-10-08 16:52:33.959  INFO   [main           ]  o.a.c.core.ContainerBase.[Tomcat].[localhost].[/]  :  Initializing Spring embedded WebApplicationContext
2022-10-08 16:52:33.960  INFO   [main           ]  o.s.b.w.s.c.ServletWebServerApplicationContext     :  Root WebApplicationContext: initialization completed in 1564 ms
2022-10-08 16:52:34.089  INFO   [main           ]  c.a.d.s.b.a.DruidDataSourceAutoConfigure           :  Init DruidDataSource
2022-10-08 16:52:34.175  INFO   [main           ]  com.alibaba.druid.pool.DruidDataSource             :  {dataSource-1} inited
2022-10-08 16:52:34.847  INFO   [main           ]  o.s.b.a.web.servlet.WelcomePageHandlerMapping      :  Adding welcome page template: index
2022-10-08 16:52:35.189  INFO   [main           ]  org.apache.coyote.http11.Http11NioProtocol         :  Starting ProtocolHandler ["http-nio-8080"]
2022-10-08 16:52:35.214  INFO   [main           ]  o.s.boot.web.embedded.tomcat.TomcatWebServer       :  Tomcat started on port(s): 8080 (http) with context path ''
2022-10-08 16:52:35.225  INFO   [main           ]  com.example.ld.LdApplication                       :  Started LdApplication in 3.462 seconds (JVM running for 5.039)
2022-10-08 16:52:41.094  INFO   [nio-8080-exec-1]  o.a.c.core.ContainerBase.[Tomcat].[localhost].[/]  :  Initializing Spring DispatcherServlet 'dispatcherServlet'
2022-10-08 16:52:41.095  INFO   [nio-8080-exec-1]  org.springframework.web.servlet.DispatcherServlet  :  Initializing Servlet 'dispatcherServlet'
2022-10-08 16:52:41.096  INFO   [nio-8080-exec-1]  org.springframework.web.servlet.DispatcherServlet  :  Completed initialization in 1 ms
2022-10-08 16:52:50.897  INFO   [nio-8080-exec-4]  com.example.ld.Controller.logincontroller          :  QOT2
2022-10-08 16:52:55.008  INFO   [nio-8080-exec-6]  com.example.ld.Controller.logincontroller          :  YYGZ
2022-10-08 16:52:58.090  INFO   [nio-8080-exec-8]  com.example.ld.Controller.usercontroller           :  0
2022-10-08 16:52:58.091  INFO   [nio-8080-exec-8]  com.example.ld.Controller.usercontroller           :  0
2022-10-08 16:53:02.250  INFO   [nio-8080-exec-9]  com.example.ld.Controller.usercontroller           :  0
2022-10-08 16:53:02.251  INFO   [nio-8080-exec-9]  com.example.ld.Controller.usercontroller           :  0
2022-10-08 16:53:50.727  INFO   [ionShutdownHook]  com.alibaba.druid.pool.DruidDataSource             :  {dataSource-1} closing ...
2022-10-08 16:53:50.730  INFO   [ionShutdownHook]  com.alibaba.druid.pool.DruidDataSource             :  {dataSource-1} closed
2022-10-08 16:53:57.393  INFO   [main           ]  com.example.ld.LdApplication                       :  Starting LdApplication using Java 11.0.12 on LAPTOP-VTI99V7I with PID 20744 (F:\Springboot自学\牛客V2\target\classes started by 83799 in F:\Springboot自学\牛客V2)
2022-10-08 16:53:57.396  INFO   [main           ]  com.example.ld.LdApplication                       :  No active profile set, falling back to 1 default profile: "default"
2022-10-08 16:53:58.218  INFO   [main           ]  o.s.d.r.config.RepositoryConfigurationDelegate     :  Multiple Spring Data modules found, entering strict repository configuration mode
2022-10-08 16:53:58.220  INFO   [main           ]  o.s.d.r.config.RepositoryConfigurationDelegate     :  Bootstrapping Spring Data Redis repositories in DEFAULT mode.
2022-10-08 16:53:58.250  INFO   [main           ]  o.s.d.r.config.RepositoryConfigurationDelegate     :  Finished Spring Data repository scanning in 12 ms. Found 0 Redis repository interfaces.
2022-10-08 16:53:58.997  INFO   [main           ]  o.s.boot.web.embedded.tomcat.TomcatWebServer       :  Tomcat initialized with port(s): 8080 (http)
2022-10-08 16:53:58.999  INFO   [main           ]  org.apache.catalina.core.AprLifecycleListener      :  Loaded Apache Tomcat Native library [1.2.30] using APR version [1.7.0].
2022-10-08 16:53:58.999  INFO   [main           ]  org.apache.catalina.core.AprLifecycleListener      :  APR capabilities: IPv6 [true], sendfile [true], accept filters [false], random [true], UDS [true].
2022-10-08 16:53:58.999  INFO   [main           ]  org.apache.catalina.core.AprLifecycleListener      :  APR/OpenSSL configuration: useAprConnector [false], useOpenSSL [true]
2022-10-08 16:53:59.002  INFO   [main           ]  org.apache.catalina.core.AprLifecycleListener      :  OpenSSL successfully initialized [OpenSSL 1.1.1k  25 Mar 2021]
2022-10-08 16:53:59.014  INFO   [main           ]  org.apache.coyote.http11.Http11NioProtocol         :  Initializing ProtocolHandler ["http-nio-8080"]
2022-10-08 16:53:59.014  INFO   [main           ]  org.apache.catalina.core.StandardService           :  Starting service [Tomcat]
2022-10-08 16:53:59.014  INFO   [main           ]  org.apache.catalina.core.StandardEngine            :  Starting Servlet engine: [Apache Tomcat/9.0.65]
2022-10-08 16:53:59.098  INFO   [main           ]  o.a.c.core.ContainerBase.[Tomcat].[localhost].[/]  :  Initializing Spring embedded WebApplicationContext
2022-10-08 16:53:59.098  INFO   [main           ]  o.s.b.w.s.c.ServletWebServerApplicationContext     :  Root WebApplicationContext: initialization completed in 1644 ms
2022-10-08 16:53:59.239  INFO   [main           ]  c.a.d.s.b.a.DruidDataSourceAutoConfigure           :  Init DruidDataSource
2022-10-08 16:53:59.335  INFO   [main           ]  com.alibaba.druid.pool.DruidDataSource             :  {dataSource-1} inited
2022-10-08 16:54:00.135  INFO   [main           ]  o.s.b.a.web.servlet.WelcomePageHandlerMapping      :  Adding welcome page template: index
2022-10-08 16:54:00.510  INFO   [main           ]  org.apache.coyote.http11.Http11NioProtocol         :  Starting ProtocolHandler ["http-nio-8080"]
2022-10-08 16:54:00.538  INFO   [main           ]  o.s.boot.web.embedded.tomcat.TomcatWebServer       :  Tomcat started on port(s): 8080 (http) with context path ''
2022-10-08 16:54:00.550  INFO   [main           ]  com.example.ld.LdApplication                       :  Started LdApplication in 3.732 seconds (JVM running for 6.133)
2022-10-08 16:54:03.291  INFO   [nio-8080-exec-1]  o.a.c.core.ContainerBase.[Tomcat].[localhost].[/]  :  Initializing Spring DispatcherServlet 'dispatcherServlet'
2022-10-08 16:54:03.291  INFO   [nio-8080-exec-1]  org.springframework.web.servlet.DispatcherServlet  :  Initializing Servlet 'dispatcherServlet'
2022-10-08 16:54:03.293  INFO   [nio-8080-exec-1]  org.springframework.web.servlet.DispatcherServlet  :  Completed initialization in 1 ms
2022-10-08 16:55:12.309  INFO   [ionShutdownHook]  com.alibaba.druid.pool.DruidDataSource             :  {dataSource-1} closing ...
2022-10-08 16:55:12.313  INFO   [ionShutdownHook]  com.alibaba.druid.pool.DruidDataSource             :  {dataSource-1} closed
2022-10-08 16:55:16.982  INFO   [main           ]  com.example.ld.LdApplication                       :  Starting LdApplication using Java 11.0.12 on LAPTOP-VTI99V7I with PID 15584 (F:\Springboot自学\牛客V2\target\classes started by 83799 in F:\Springboot自学\牛客V2)
2022-10-08 16:55:16.984  INFO   [main           ]  com.example.ld.LdApplication                       :  No active profile set, falling back to 1 default profile: "default"
2022-10-08 16:55:17.744  INFO   [main           ]  o.s.d.r.config.RepositoryConfigurationDelegate     :  Multiple Spring Data modules found, entering strict repository configuration mode
2022-10-08 16:55:17.747  INFO   [main           ]  o.s.d.r.config.RepositoryConfigurationDelegate     :  Bootstrapping Spring Data Redis repositories in DEFAULT mode.
2022-10-08 16:55:17.776  INFO   [main           ]  o.s.d.r.config.RepositoryConfigurationDelegate     :  Finished Spring Data repository scanning in 12 ms. Found 0 Redis repository interfaces.
2022-10-08 16:55:18.434  INFO   [main           ]  o.s.boot.web.embedded.tomcat.TomcatWebServer       :  Tomcat initialized with port(s): 8080 (http)
2022-10-08 16:55:18.436  INFO   [main           ]  org.apache.catalina.core.AprLifecycleListener      :  Loaded Apache Tomcat Native library [1.2.30] using APR version [1.7.0].
2022-10-08 16:55:18.436  INFO   [main           ]  org.apache.catalina.core.AprLifecycleListener      :  APR capabilities: IPv6 [true], sendfile [true], accept filters [false], random [true], UDS [true].
2022-10-08 16:55:18.436  INFO   [main           ]  org.apache.catalina.core.AprLifecycleListener      :  APR/OpenSSL configuration: useAprConnector [false], useOpenSSL [true]
2022-10-08 16:55:18.439  INFO   [main           ]  org.apache.catalina.core.AprLifecycleListener      :  OpenSSL successfully initialized [OpenSSL 1.1.1k  25 Mar 2021]
2022-10-08 16:55:18.449  INFO   [main           ]  org.apache.coyote.http11.Http11NioProtocol         :  Initializing ProtocolHandler ["http-nio-8080"]
2022-10-08 16:55:18.450  INFO   [main           ]  org.apache.catalina.core.StandardService           :  Starting service [Tomcat]
2022-10-08 16:55:18.450  INFO   [main           ]  org.apache.catalina.core.StandardEngine            :  Starting Servlet engine: [Apache Tomcat/9.0.65]
2022-10-08 16:55:18.529  INFO   [main           ]  o.a.c.core.ContainerBase.[Tomcat].[localhost].[/]  :  Initializing Spring embedded WebApplicationContext
2022-10-08 16:55:18.530  INFO   [main           ]  o.s.b.w.s.c.ServletWebServerApplicationContext     :  Root WebApplicationContext: initialization completed in 1496 ms
2022-10-08 16:55:18.668  INFO   [main           ]  c.a.d.s.b.a.DruidDataSourceAutoConfigure           :  Init DruidDataSource
2022-10-08 16:55:18.753  INFO   [main           ]  com.alibaba.druid.pool.DruidDataSource             :  {dataSource-1} inited
2022-10-08 16:55:19.393  INFO   [main           ]  o.s.b.a.web.servlet.WelcomePageHandlerMapping      :  Adding welcome page template: index
2022-10-08 16:55:19.748  INFO   [main           ]  org.apache.coyote.http11.Http11NioProtocol         :  Starting ProtocolHandler ["http-nio-8080"]
2022-10-08 16:55:19.775  INFO   [main           ]  o.s.boot.web.embedded.tomcat.TomcatWebServer       :  Tomcat started on port(s): 8080 (http) with context path ''
2022-10-08 16:55:19.786  INFO   [main           ]  com.example.ld.LdApplication                       :  Started LdApplication in 3.318 seconds (JVM running for 4.983)
2022-10-08 16:55:23.132  INFO   [nio-8080-exec-1]  o.a.c.core.ContainerBase.[Tomcat].[localhost].[/]  :  Initializing Spring DispatcherServlet 'dispatcherServlet'
2022-10-08 16:55:23.133  INFO   [nio-8080-exec-1]  org.springframework.web.servlet.DispatcherServlet  :  Initializing Servlet 'dispatcherServlet'
2022-10-08 16:55:23.134  INFO   [nio-8080-exec-1]  org.springframework.web.servlet.DispatcherServlet  :  Completed initialization in 1 ms
2022-10-08 16:56:27.553  INFO   [ionShutdownHook]  com.alibaba.druid.pool.DruidDataSource             :  {dataSource-1} closing ...
2022-10-08 16:56:27.559  INFO   [ionShutdownHook]  com.alibaba.druid.pool.DruidDataSource             :  {dataSource-1} closed
2022-10-08 17:52:39.695  INFO   [main           ]  com.example.ld.LdApplication                       :  Starting LdApplication using Java 11.0.12 on LAPTOP-VTI99V7I with PID 21828 (F:\Springboot自学\牛客V2\target\classes started by 83799 in F:\Springboot自学\牛客V2)
2022-10-08 17:52:39.697  INFO   [main           ]  com.example.ld.LdApplication                       :  No active profile set, falling back to 1 default profile: "default"
2022-10-08 17:52:40.434  INFO   [main           ]  o.s.d.r.config.RepositoryConfigurationDelegate     :  Multiple Spring Data modules found, entering strict repository configuration mode
2022-10-08 17:52:40.437  INFO   [main           ]  o.s.d.r.config.RepositoryConfigurationDelegate     :  Bootstrapping Spring Data Redis repositories in DEFAULT mode.
2022-10-08 17:52:40.465  INFO   [main           ]  o.s.d.r.config.RepositoryConfigurationDelegate     :  Finished Spring Data repository scanning in 12 ms. Found 0 Redis repository interfaces.
2022-10-08 17:52:41.134  INFO   [main           ]  o.s.boot.web.embedded.tomcat.TomcatWebServer       :  Tomcat initialized with port(s): 8080 (http)
2022-10-08 17:52:41.135  INFO   [main           ]  org.apache.catalina.core.AprLifecycleListener      :  Loaded Apache Tomcat Native library [1.2.30] using APR version [1.7.0].
2022-10-08 17:52:41.136  INFO   [main           ]  org.apache.catalina.core.AprLifecycleListener      :  APR capabilities: IPv6 [true], sendfile [true], accept filters [false], random [true], UDS [true].
2022-10-08 17:52:41.136  INFO   [main           ]  org.apache.catalina.core.AprLifecycleListener      :  APR/OpenSSL configuration: useAprConnector [false], useOpenSSL [true]
2022-10-08 17:52:41.139  INFO   [main           ]  org.apache.catalina.core.AprLifecycleListener      :  OpenSSL successfully initialized [OpenSSL 1.1.1k  25 Mar 2021]
2022-10-08 17:52:41.149  INFO   [main           ]  org.apache.coyote.http11.Http11NioProtocol         :  Initializing ProtocolHandler ["http-nio-8080"]
2022-10-08 17:52:41.150  INFO   [main           ]  org.apache.catalina.core.StandardService           :  Starting service [Tomcat]
2022-10-08 17:52:41.150  INFO   [main           ]  org.apache.catalina.core.StandardEngine            :  Starting Servlet engine: [Apache Tomcat/9.0.65]
2022-10-08 17:52:41.226  INFO   [main           ]  o.a.c.core.ContainerBase.[Tomcat].[localhost].[/]  :  Initializing Spring embedded WebApplicationContext
2022-10-08 17:52:41.227  INFO   [main           ]  o.s.b.w.s.c.ServletWebServerApplicationContext     :  Root WebApplicationContext: initialization completed in 1480 ms
2022-10-08 17:52:41.354  INFO   [main           ]  c.a.d.s.b.a.DruidDataSourceAutoConfigure           :  Init DruidDataSource
2022-10-08 17:52:41.442  INFO   [main           ]  com.alibaba.druid.pool.DruidDataSource             :  {dataSource-1} inited
2022-10-08 17:52:41.919  INFO   [main           ]  com.alibaba.druid.pool.DruidDataSource             :  {dataSource-1} closing ...
2022-10-08 17:52:41.921  INFO   [main           ]  com.alibaba.druid.pool.DruidDataSource             :  {dataSource-1} closed
2022-10-08 17:52:41.924  INFO   [main           ]  org.apache.catalina.core.StandardService           :  Stopping service [Tomcat]
2022-10-08 17:52:41.941  INFO   [main           ]  o.s.b.a.l.ConditionEvaluationReportLoggingListener :  

Error starting ApplicationContext. To display the conditions report re-run your application with 'debug' enabled.
2022-10-08 17:53:34.211  INFO   [main           ]  com.example.ld.LdApplication                       :  Starting LdApplication using Java 11.0.12 on LAPTOP-VTI99V7I with PID 2860 (F:\Springboot自学\牛客V2\target\classes started by 83799 in F:\Springboot自学\牛客V2)
2022-10-08 17:53:34.215  INFO   [main           ]  com.example.ld.LdApplication                       :  No active profile set, falling back to 1 default profile: "default"
2022-10-08 17:53:34.982  INFO   [main           ]  o.s.d.r.config.RepositoryConfigurationDelegate     :  Multiple Spring Data modules found, entering strict repository configuration mode
2022-10-08 17:53:34.985  INFO   [main           ]  o.s.d.r.config.RepositoryConfigurationDelegate     :  Bootstrapping Spring Data Redis repositories in DEFAULT mode.
2022-10-08 17:53:35.016  INFO   [main           ]  o.s.d.r.config.RepositoryConfigurationDelegate     :  Finished Spring Data repository scanning in 12 ms. Found 0 Redis repository interfaces.
2022-10-08 17:53:35.702  INFO   [main           ]  o.s.boot.web.embedded.tomcat.TomcatWebServer       :  Tomcat initialized with port(s): 8080 (http)
2022-10-08 17:53:35.704  INFO   [main           ]  org.apache.catalina.core.AprLifecycleListener      :  Loaded Apache Tomcat Native library [1.2.30] using APR version [1.7.0].
2022-10-08 17:53:35.704  INFO   [main           ]  org.apache.catalina.core.AprLifecycleListener      :  APR capabilities: IPv6 [true], sendfile [true], accept filters [false], random [true], UDS [true].
2022-10-08 17:53:35.704  INFO   [main           ]  org.apache.catalina.core.AprLifecycleListener      :  APR/OpenSSL configuration: useAprConnector [false], useOpenSSL [true]
2022-10-08 17:53:35.707  INFO   [main           ]  org.apache.catalina.core.AprLifecycleListener      :  OpenSSL successfully initialized [OpenSSL 1.1.1k  25 Mar 2021]
2022-10-08 17:53:35.717  INFO   [main           ]  org.apache.coyote.http11.Http11NioProtocol         :  Initializing ProtocolHandler ["http-nio-8080"]
2022-10-08 17:53:35.717  INFO   [main           ]  org.apache.catalina.core.StandardService           :  Starting service [Tomcat]
2022-10-08 17:53:35.717  INFO   [main           ]  org.apache.catalina.core.StandardEngine            :  Starting Servlet engine: [Apache Tomcat/9.0.65]
2022-10-08 17:53:35.796  INFO   [main           ]  o.a.c.core.ContainerBase.[Tomcat].[localhost].[/]  :  Initializing Spring embedded WebApplicationContext
2022-10-08 17:53:35.796  INFO   [main           ]  o.s.b.w.s.c.ServletWebServerApplicationContext     :  Root WebApplicationContext: initialization completed in 1526 ms
2022-10-08 17:53:35.933  INFO   [main           ]  c.a.d.s.b.a.DruidDataSourceAutoConfigure           :  Init DruidDataSource
2022-10-08 17:53:36.037  INFO   [main           ]  com.alibaba.druid.pool.DruidDataSource             :  {dataSource-1} inited
2022-10-08 17:53:36.681  INFO   [main           ]  o.s.b.a.web.servlet.WelcomePageHandlerMapping      :  Adding welcome page template: index
2022-10-08 17:53:37.011  INFO   [main           ]  org.apache.coyote.http11.Http11NioProtocol         :  Starting ProtocolHandler ["http-nio-8080"]
2022-10-08 17:53:37.048  INFO   [main           ]  o.s.boot.web.embedded.tomcat.TomcatWebServer       :  Tomcat started on port(s): 8080 (http) with context path ''
2022-10-08 17:53:37.058  INFO   [main           ]  com.example.ld.LdApplication                       :  Started LdApplication in 3.381 seconds (JVM running for 5.031)
2022-10-08 17:53:40.299  INFO   [nio-8080-exec-1]  o.a.c.core.ContainerBase.[Tomcat].[localhost].[/]  :  Initializing Spring DispatcherServlet 'dispatcherServlet'
2022-10-08 17:53:40.300  INFO   [nio-8080-exec-1]  org.springframework.web.servlet.DispatcherServlet  :  Initializing Servlet 'dispatcherServlet'
2022-10-08 17:53:40.301  INFO   [nio-8080-exec-1]  org.springframework.web.servlet.DispatcherServlet  :  Completed initialization in 1 ms
2022-10-08 17:55:51.017  INFO   [ionShutdownHook]  com.alibaba.druid.pool.DruidDataSource             :  {dataSource-1} closing ...
2022-10-08 17:55:51.022  INFO   [ionShutdownHook]  com.alibaba.druid.pool.DruidDataSource             :  {dataSource-1} closed
2022-10-08 17:55:56.851  INFO   [main           ]  com.example.ld.LdApplication                       :  Starting LdApplication using Java 11.0.12 on LAPTOP-VTI99V7I with PID 19004 (F:\Springboot自学\牛客V2\target\classes started by 83799 in F:\Springboot自学\牛客V2)
2022-10-08 17:55:56.855  INFO   [main           ]  com.example.ld.LdApplication                       :  No active profile set, falling back to 1 default profile: "default"
2022-10-08 17:55:57.675  INFO   [main           ]  o.s.d.r.config.RepositoryConfigurationDelegate     :  Multiple Spring Data modules found, entering strict repository configuration mode
2022-10-08 17:55:57.677  INFO   [main           ]  o.s.d.r.config.RepositoryConfigurationDelegate     :  Bootstrapping Spring Data Redis repositories in DEFAULT mode.
2022-10-08 17:55:57.706  INFO   [main           ]  o.s.d.r.config.RepositoryConfigurationDelegate     :  Finished Spring Data repository scanning in 12 ms. Found 0 Redis repository interfaces.
2022-10-08 17:55:58.398  INFO   [main           ]  o.s.boot.web.embedded.tomcat.TomcatWebServer       :  Tomcat initialized with port(s): 8080 (http)
2022-10-08 17:55:58.400  INFO   [main           ]  org.apache.catalina.core.AprLifecycleListener      :  Loaded Apache Tomcat Native library [1.2.30] using APR version [1.7.0].
2022-10-08 17:55:58.400  INFO   [main           ]  org.apache.catalina.core.AprLifecycleListener      :  APR capabilities: IPv6 [true], sendfile [true], accept filters [false], random [true], UDS [true].
2022-10-08 17:55:58.400  INFO   [main           ]  org.apache.catalina.core.AprLifecycleListener      :  APR/OpenSSL configuration: useAprConnector [false], useOpenSSL [true]
2022-10-08 17:55:58.403  INFO   [main           ]  org.apache.catalina.core.AprLifecycleListener      :  OpenSSL successfully initialized [OpenSSL 1.1.1k  25 Mar 2021]
2022-10-08 17:55:58.414  INFO   [main           ]  org.apache.coyote.http11.Http11NioProtocol         :  Initializing ProtocolHandler ["http-nio-8080"]
2022-10-08 17:55:58.415  INFO   [main           ]  org.apache.catalina.core.StandardService           :  Starting service [Tomcat]
2022-10-08 17:55:58.415  INFO   [main           ]  org.apache.catalina.core.StandardEngine            :  Starting Servlet engine: [Apache Tomcat/9.0.65]
2022-10-08 17:55:58.501  INFO   [main           ]  o.a.c.core.ContainerBase.[Tomcat].[localhost].[/]  :  Initializing Spring embedded WebApplicationContext
2022-10-08 17:55:58.502  INFO   [main           ]  o.s.b.w.s.c.ServletWebServerApplicationContext     :  Root WebApplicationContext: initialization completed in 1589 ms
2022-10-08 17:55:58.629  INFO   [main           ]  c.a.d.s.b.a.DruidDataSourceAutoConfigure           :  Init DruidDataSource
2022-10-08 17:55:58.720  INFO   [main           ]  com.alibaba.druid.pool.DruidDataSource             :  {dataSource-1} inited
2022-10-08 17:55:59.388  INFO   [main           ]  o.s.b.a.web.servlet.WelcomePageHandlerMapping      :  Adding welcome page template: index
2022-10-08 17:55:59.721  INFO   [main           ]  org.apache.coyote.http11.Http11NioProtocol         :  Starting ProtocolHandler ["http-nio-8080"]
2022-10-08 17:55:59.748  INFO   [main           ]  o.s.boot.web.embedded.tomcat.TomcatWebServer       :  Tomcat started on port(s): 8080 (http) with context path ''
2022-10-08 17:55:59.758  INFO   [main           ]  com.example.ld.LdApplication                       :  Started LdApplication in 3.526 seconds (JVM running for 5.164)
2022-10-08 17:56:02.083  INFO   [nio-8080-exec-1]  o.a.c.core.ContainerBase.[Tomcat].[localhost].[/]  :  Initializing Spring DispatcherServlet 'dispatcherServlet'
2022-10-08 17:56:02.084  INFO   [nio-8080-exec-1]  org.springframework.web.servlet.DispatcherServlet  :  Initializing Servlet 'dispatcherServlet'
2022-10-08 17:56:02.085  INFO   [nio-8080-exec-1]  org.springframework.web.servlet.DispatcherServlet  :  Completed initialization in 1 ms
2022-10-08 17:59:21.047  INFO   [ionShutdownHook]  com.alibaba.druid.pool.DruidDataSource             :  {dataSource-1} closing ...
2022-10-08 17:59:21.050  INFO   [ionShutdownHook]  com.alibaba.druid.pool.DruidDataSource             :  {dataSource-1} closed
2022-10-08 17:59:25.755  INFO   [main           ]  com.example.ld.LdApplication                       :  Starting LdApplication using Java 11.0.12 on LAPTOP-VTI99V7I with PID 18636 (F:\Springboot自学\牛客V2\target\classes started by 83799 in F:\Springboot自学\牛客V2)
2022-10-08 17:59:25.758  INFO   [main           ]  com.example.ld.LdApplication                       :  No active profile set, falling back to 1 default profile: "default"
2022-10-08 17:59:26.564  INFO   [main           ]  o.s.d.r.config.RepositoryConfigurationDelegate     :  Multiple Spring Data modules found, entering strict repository configuration mode
2022-10-08 17:59:26.567  INFO   [main           ]  o.s.d.r.config.RepositoryConfigurationDelegate     :  Bootstrapping Spring Data Redis repositories in DEFAULT mode.
2022-10-08 17:59:26.597  INFO   [main           ]  o.s.d.r.config.RepositoryConfigurationDelegate     :  Finished Spring Data repository scanning in 12 ms. Found 0 Redis repository interfaces.
2022-10-08 17:59:27.274  INFO   [main           ]  o.s.boot.web.embedded.tomcat.TomcatWebServer       :  Tomcat initialized with port(s): 8080 (http)
2022-10-08 17:59:27.275  INFO   [main           ]  org.apache.catalina.core.AprLifecycleListener      :  Loaded Apache Tomcat Native library [1.2.30] using APR version [1.7.0].
2022-10-08 17:59:27.275  INFO   [main           ]  org.apache.catalina.core.AprLifecycleListener      :  APR capabilities: IPv6 [true], sendfile [true], accept filters [false], random [true], UDS [true].
2022-10-08 17:59:27.276  INFO   [main           ]  org.apache.catalina.core.AprLifecycleListener      :  APR/OpenSSL configuration: useAprConnector [false], useOpenSSL [true]
2022-10-08 17:59:27.278  INFO   [main           ]  org.apache.catalina.core.AprLifecycleListener      :  OpenSSL successfully initialized [OpenSSL 1.1.1k  25 Mar 2021]
2022-10-08 17:59:27.289  INFO   [main           ]  org.apache.coyote.http11.Http11NioProtocol         :  Initializing ProtocolHandler ["http-nio-8080"]
2022-10-08 17:59:27.290  INFO   [main           ]  org.apache.catalina.core.StandardService           :  Starting service [Tomcat]
2022-10-08 17:59:27.290  INFO   [main           ]  org.apache.catalina.core.StandardEngine            :  Starting Servlet engine: [Apache Tomcat/9.0.65]
2022-10-08 17:59:27.370  INFO   [main           ]  o.a.c.core.ContainerBase.[Tomcat].[localhost].[/]  :  Initializing Spring embedded WebApplicationContext
2022-10-08 17:59:27.370  INFO   [main           ]  o.s.b.w.s.c.ServletWebServerApplicationContext     :  Root WebApplicationContext: initialization completed in 1559 ms
2022-10-08 17:59:27.503  INFO   [main           ]  c.a.d.s.b.a.DruidDataSourceAutoConfigure           :  Init DruidDataSource
2022-10-08 17:59:27.601  INFO   [main           ]  com.alibaba.druid.pool.DruidDataSource             :  {dataSource-1} inited
2022-10-08 17:59:28.258  INFO   [main           ]  o.s.b.a.web.servlet.WelcomePageHandlerMapping      :  Adding welcome page template: index
2022-10-08 17:59:28.603  INFO   [main           ]  org.apache.coyote.http11.Http11NioProtocol         :  Starting ProtocolHandler ["http-nio-8080"]
2022-10-08 17:59:28.628  INFO   [main           ]  o.s.boot.web.embedded.tomcat.TomcatWebServer       :  Tomcat started on port(s): 8080 (http) with context path ''
2022-10-08 17:59:28.639  INFO   [main           ]  com.example.ld.LdApplication                       :  Started LdApplication in 3.415 seconds (JVM running for 5.118)
2022-10-08 17:59:30.457  INFO   [nio-8080-exec-1]  o.a.c.core.ContainerBase.[Tomcat].[localhost].[/]  :  Initializing Spring DispatcherServlet 'dispatcherServlet'
2022-10-08 17:59:30.458  INFO   [nio-8080-exec-1]  org.springframework.web.servlet.DispatcherServlet  :  Initializing Servlet 'dispatcherServlet'
2022-10-08 17:59:30.460  INFO   [nio-8080-exec-1]  org.springframework.web.servlet.DispatcherServlet  :  Completed initialization in 1 ms
2022-10-08 18:01:35.218  INFO   [ionShutdownHook]  com.alibaba.druid.pool.DruidDataSource             :  {dataSource-1} closing ...
2022-10-08 18:01:35.221  INFO   [ionShutdownHook]  com.alibaba.druid.pool.DruidDataSource             :  {dataSource-1} closed
2022-10-08 18:01:40.900  INFO   [main           ]  com.example.ld.LdApplication                       :  Starting LdApplication using Java 11.0.12 on LAPTOP-VTI99V7I with PID 25024 (F:\Springboot自学\牛客V2\target\classes started by 83799 in F:\Springboot自学\牛客V2)
2022-10-08 18:01:40.904  INFO   [main           ]  com.example.ld.LdApplication                       :  No active profile set, falling back to 1 default profile: "default"
2022-10-08 18:01:41.679  INFO   [main           ]  o.s.d.r.config.RepositoryConfigurationDelegate     :  Multiple Spring Data modules found, entering strict repository configuration mode
2022-10-08 18:01:41.682  INFO   [main           ]  o.s.d.r.config.RepositoryConfigurationDelegate     :  Bootstrapping Spring Data Redis repositories in DEFAULT mode.
2022-10-08 18:01:41.711  INFO   [main           ]  o.s.d.r.config.RepositoryConfigurationDelegate     :  Finished Spring Data repository scanning in 12 ms. Found 0 Redis repository interfaces.
2022-10-08 18:01:42.371  INFO   [main           ]  o.s.boot.web.embedded.tomcat.TomcatWebServer       :  Tomcat initialized with port(s): 8080 (http)
2022-10-08 18:01:42.373  INFO   [main           ]  org.apache.catalina.core.AprLifecycleListener      :  Loaded Apache Tomcat Native library [1.2.30] using APR version [1.7.0].
2022-10-08 18:01:42.373  INFO   [main           ]  org.apache.catalina.core.AprLifecycleListener      :  APR capabilities: IPv6 [true], sendfile [true], accept filters [false], random [true], UDS [true].
2022-10-08 18:01:42.373  INFO   [main           ]  org.apache.catalina.core.AprLifecycleListener      :  APR/OpenSSL configuration: useAprConnector [false], useOpenSSL [true]
2022-10-08 18:01:42.376  INFO   [main           ]  org.apache.catalina.core.AprLifecycleListener      :  OpenSSL successfully initialized [OpenSSL 1.1.1k  25 Mar 2021]
2022-10-08 18:01:42.386  INFO   [main           ]  org.apache.coyote.http11.Http11NioProtocol         :  Initializing ProtocolHandler ["http-nio-8080"]
2022-10-08 18:01:42.387  INFO   [main           ]  org.apache.catalina.core.StandardService           :  Starting service [Tomcat]
2022-10-08 18:01:42.387  INFO   [main           ]  org.apache.catalina.core.StandardEngine            :  Starting Servlet engine: [Apache Tomcat/9.0.65]
2022-10-08 18:01:42.464  INFO   [main           ]  o.a.c.core.ContainerBase.[Tomcat].[localhost].[/]  :  Initializing Spring embedded WebApplicationContext
2022-10-08 18:01:42.464  INFO   [main           ]  o.s.b.w.s.c.ServletWebServerApplicationContext     :  Root WebApplicationContext: initialization completed in 1507 ms
2022-10-08 18:01:42.599  INFO   [main           ]  c.a.d.s.b.a.DruidDataSourceAutoConfigure           :  Init DruidDataSource
2022-10-08 18:01:42.690  INFO   [main           ]  com.alibaba.druid.pool.DruidDataSource             :  {dataSource-1} inited
2022-10-08 18:01:43.350  INFO   [main           ]  o.s.b.a.web.servlet.WelcomePageHandlerMapping      :  Adding welcome page template: index
2022-10-08 18:01:43.686  INFO   [main           ]  org.apache.coyote.http11.Http11NioProtocol         :  Starting ProtocolHandler ["http-nio-8080"]
2022-10-08 18:01:43.712  INFO   [main           ]  o.s.boot.web.embedded.tomcat.TomcatWebServer       :  Tomcat started on port(s): 8080 (http) with context path ''
2022-10-08 18:01:43.723  INFO   [main           ]  com.example.ld.LdApplication                       :  Started LdApplication in 3.382 seconds (JVM running for 5.57)
2022-10-08 18:01:48.074  INFO   [nio-8080-exec-1]  o.a.c.core.ContainerBase.[Tomcat].[localhost].[/]  :  Initializing Spring DispatcherServlet 'dispatcherServlet'
2022-10-08 18:01:48.074  INFO   [nio-8080-exec-1]  org.springframework.web.servlet.DispatcherServlet  :  Initializing Servlet 'dispatcherServlet'
2022-10-08 18:01:48.075  INFO   [nio-8080-exec-1]  org.springframework.web.servlet.DispatcherServlet  :  Completed initialization in 1 ms
2022-10-08 18:03:51.530  INFO   [ionShutdownHook]  com.alibaba.druid.pool.DruidDataSource             :  {dataSource-1} closing ...
2022-10-08 18:03:51.535  INFO   [ionShutdownHook]  com.alibaba.druid.pool.DruidDataSource             :  {dataSource-1} closed
2022-10-08 18:03:56.660  INFO   [main           ]  com.example.ld.LdApplication                       :  Starting LdApplication using Java 11.0.12 on LAPTOP-VTI99V7I with PID 21904 (F:\Springboot自学\牛客V2\target\classes started by 83799 in F:\Springboot自学\牛客V2)
2022-10-08 18:03:56.663  INFO   [main           ]  com.example.ld.LdApplication                       :  No active profile set, falling back to 1 default profile: "default"
2022-10-08 18:03:57.477  INFO   [main           ]  o.s.d.r.config.RepositoryConfigurationDelegate     :  Multiple Spring Data modules found, entering strict repository configuration mode
2022-10-08 18:03:57.479  INFO   [main           ]  o.s.d.r.config.RepositoryConfigurationDelegate     :  Bootstrapping Spring Data Redis repositories in DEFAULT mode.
2022-10-08 18:03:57.508  INFO   [main           ]  o.s.d.r.config.RepositoryConfigurationDelegate     :  Finished Spring Data repository scanning in 12 ms. Found 0 Redis repository interfaces.
2022-10-08 18:03:58.257  INFO   [main           ]  o.s.boot.web.embedded.tomcat.TomcatWebServer       :  Tomcat initialized with port(s): 8080 (http)
2022-10-08 18:03:58.258  INFO   [main           ]  org.apache.catalina.core.AprLifecycleListener      :  Loaded Apache Tomcat Native library [1.2.30] using APR version [1.7.0].
2022-10-08 18:03:58.259  INFO   [main           ]  org.apache.catalina.core.AprLifecycleListener      :  APR capabilities: IPv6 [true], sendfile [true], accept filters [false], random [true], UDS [true].
2022-10-08 18:03:58.259  INFO   [main           ]  org.apache.catalina.core.AprLifecycleListener      :  APR/OpenSSL configuration: useAprConnector [false], useOpenSSL [true]
2022-10-08 18:03:58.261  INFO   [main           ]  org.apache.catalina.core.AprLifecycleListener      :  OpenSSL successfully initialized [OpenSSL 1.1.1k  25 Mar 2021]
2022-10-08 18:03:58.272  INFO   [main           ]  org.apache.coyote.http11.Http11NioProtocol         :  Initializing ProtocolHandler ["http-nio-8080"]
2022-10-08 18:03:58.273  INFO   [main           ]  org.apache.catalina.core.StandardService           :  Starting service [Tomcat]
2022-10-08 18:03:58.273  INFO   [main           ]  org.apache.catalina.core.StandardEngine            :  Starting Servlet engine: [Apache Tomcat/9.0.65]
2022-10-08 18:03:58.350  INFO   [main           ]  o.a.c.core.ContainerBase.[Tomcat].[localhost].[/]  :  Initializing Spring embedded WebApplicationContext
2022-10-08 18:03:58.350  INFO   [main           ]  o.s.b.w.s.c.ServletWebServerApplicationContext     :  Root WebApplicationContext: initialization completed in 1635 ms
2022-10-08 18:03:58.480  INFO   [main           ]  c.a.d.s.b.a.DruidDataSourceAutoConfigure           :  Init DruidDataSource
2022-10-08 18:03:58.566  INFO   [main           ]  com.alibaba.druid.pool.DruidDataSource             :  {dataSource-1} inited
2022-10-08 18:03:59.236  INFO   [main           ]  o.s.b.a.web.servlet.WelcomePageHandlerMapping      :  Adding welcome page template: index
2022-10-08 18:03:59.565  INFO   [main           ]  org.apache.coyote.http11.Http11NioProtocol         :  Starting ProtocolHandler ["http-nio-8080"]
2022-10-08 18:03:59.591  INFO   [main           ]  o.s.boot.web.embedded.tomcat.TomcatWebServer       :  Tomcat started on port(s): 8080 (http) with context path ''
2022-10-08 18:03:59.602  INFO   [main           ]  com.example.ld.LdApplication                       :  Started LdApplication in 3.524 seconds (JVM running for 5.243)
2022-10-08 18:04:01.344  INFO   [nio-8080-exec-1]  o.a.c.core.ContainerBase.[Tomcat].[localhost].[/]  :  Initializing Spring DispatcherServlet 'dispatcherServlet'
2022-10-08 18:04:01.345  INFO   [nio-8080-exec-1]  org.springframework.web.servlet.DispatcherServlet  :  Initializing Servlet 'dispatcherServlet'
2022-10-08 18:04:01.346  INFO   [nio-8080-exec-1]  org.springframework.web.servlet.DispatcherServlet  :  Completed initialization in 1 ms
2022-10-08 18:05:22.418  INFO   [ionShutdownHook]  com.alibaba.druid.pool.DruidDataSource             :  {dataSource-1} closing ...
2022-10-08 18:05:22.421  INFO   [ionShutdownHook]  com.alibaba.druid.pool.DruidDataSource             :  {dataSource-1} closed
2022-10-08 18:05:28.310  INFO   [main           ]  com.example.ld.LdApplication                       :  Starting LdApplication using Java 11.0.12 on LAPTOP-VTI99V7I with PID 14840 (F:\Springboot自学\牛客V2\target\classes started by 83799 in F:\Springboot自学\牛客V2)
2022-10-08 18:05:28.313  INFO   [main           ]  com.example.ld.LdApplication                       :  No active profile set, falling back to 1 default profile: "default"
2022-10-08 18:05:29.032  INFO   [main           ]  o.s.d.r.config.RepositoryConfigurationDelegate     :  Multiple Spring Data modules found, entering strict repository configuration mode
2022-10-08 18:05:29.034  INFO   [main           ]  o.s.d.r.config.RepositoryConfigurationDelegate     :  Bootstrapping Spring Data Redis repositories in DEFAULT mode.
2022-10-08 18:05:29.062  INFO   [main           ]  o.s.d.r.config.RepositoryConfigurationDelegate     :  Finished Spring Data repository scanning in 11 ms. Found 0 Redis repository interfaces.
2022-10-08 18:05:29.747  INFO   [main           ]  o.s.boot.web.embedded.tomcat.TomcatWebServer       :  Tomcat initialized with port(s): 8080 (http)
2022-10-08 18:05:29.748  INFO   [main           ]  org.apache.catalina.core.AprLifecycleListener      :  Loaded Apache Tomcat Native library [1.2.30] using APR version [1.7.0].
2022-10-08 18:05:29.748  INFO   [main           ]  org.apache.catalina.core.AprLifecycleListener      :  APR capabilities: IPv6 [true], sendfile [true], accept filters [false], random [true], UDS [true].
2022-10-08 18:05:29.748  INFO   [main           ]  org.apache.catalina.core.AprLifecycleListener      :  APR/OpenSSL configuration: useAprConnector [false], useOpenSSL [true]
2022-10-08 18:05:29.751  INFO   [main           ]  org.apache.catalina.core.AprLifecycleListener      :  OpenSSL successfully initialized [OpenSSL 1.1.1k  25 Mar 2021]
2022-10-08 18:05:29.762  INFO   [main           ]  org.apache.coyote.http11.Http11NioProtocol         :  Initializing ProtocolHandler ["http-nio-8080"]
2022-10-08 18:05:29.763  INFO   [main           ]  org.apache.catalina.core.StandardService           :  Starting service [Tomcat]
2022-10-08 18:05:29.763  INFO   [main           ]  org.apache.catalina.core.StandardEngine            :  Starting Servlet engine: [Apache Tomcat/9.0.65]
2022-10-08 18:05:29.842  INFO   [main           ]  o.a.c.core.ContainerBase.[Tomcat].[localhost].[/]  :  Initializing Spring embedded WebApplicationContext
2022-10-08 18:05:29.843  INFO   [main           ]  o.s.b.w.s.c.ServletWebServerApplicationContext     :  Root WebApplicationContext: initialization completed in 1481 ms
2022-10-08 18:05:29.979  INFO   [main           ]  c.a.d.s.b.a.DruidDataSourceAutoConfigure           :  Init DruidDataSource
2022-10-08 18:05:30.069  INFO   [main           ]  com.alibaba.druid.pool.DruidDataSource             :  {dataSource-1} inited
2022-10-08 18:05:30.732  INFO   [main           ]  o.s.b.a.web.servlet.WelcomePageHandlerMapping      :  Adding welcome page template: index
2022-10-08 18:05:31.066  INFO   [main           ]  org.apache.coyote.http11.Http11NioProtocol         :  Starting ProtocolHandler ["http-nio-8080"]
2022-10-08 18:05:31.091  INFO   [main           ]  o.s.boot.web.embedded.tomcat.TomcatWebServer       :  Tomcat started on port(s): 8080 (http) with context path ''
2022-10-08 18:05:31.102  INFO   [main           ]  com.example.ld.LdApplication                       :  Started LdApplication in 3.372 seconds (JVM running for 4.976)
2022-10-08 18:05:32.927  INFO   [nio-8080-exec-1]  o.a.c.core.ContainerBase.[Tomcat].[localhost].[/]  :  Initializing Spring DispatcherServlet 'dispatcherServlet'
2022-10-08 18:05:32.928  INFO   [nio-8080-exec-1]  org.springframework.web.servlet.DispatcherServlet  :  Initializing Servlet 'dispatcherServlet'
2022-10-08 18:05:32.929  INFO   [nio-8080-exec-1]  org.springframework.web.servlet.DispatcherServlet  :  Completed initialization in 1 ms
2022-10-08 18:06:25.457  INFO   [ionShutdownHook]  com.alibaba.druid.pool.DruidDataSource             :  {dataSource-1} closing ...
2022-10-08 18:06:25.461  INFO   [ionShutdownHook]  com.alibaba.druid.pool.DruidDataSource             :  {dataSource-1} closed
2022-10-08 18:06:28.809  INFO   [main           ]  com.example.ld.LdApplication                       :  Starting LdApplication using Java 11.0.12 on LAPTOP-VTI99V7I with PID 25192 (F:\Springboot自学\牛客V2\target\classes started by 83799 in F:\Springboot自学\牛客V2)
2022-10-08 18:06:28.813  INFO   [main           ]  com.example.ld.LdApplication                       :  No active profile set, falling back to 1 default profile: "default"
2022-10-08 18:06:29.742  INFO   [main           ]  o.s.d.r.config.RepositoryConfigurationDelegate     :  Multiple Spring Data modules found, entering strict repository configuration mode
2022-10-08 18:06:29.745  INFO   [main           ]  o.s.d.r.config.RepositoryConfigurationDelegate     :  Bootstrapping Spring Data Redis repositories in DEFAULT mode.
2022-10-08 18:06:29.795  INFO   [main           ]  o.s.d.r.config.RepositoryConfigurationDelegate     :  Finished Spring Data repository scanning in 13 ms. Found 0 Redis repository interfaces.
2022-10-08 18:06:30.555  INFO   [main           ]  o.s.boot.web.embedded.tomcat.TomcatWebServer       :  Tomcat initialized with port(s): 8080 (http)
2022-10-08 18:06:30.557  INFO   [main           ]  org.apache.catalina.core.AprLifecycleListener      :  Loaded Apache Tomcat Native library [1.2.30] using APR version [1.7.0].
2022-10-08 18:06:30.557  INFO   [main           ]  org.apache.catalina.core.AprLifecycleListener      :  APR capabilities: IPv6 [true], sendfile [true], accept filters [false], random [true], UDS [true].
2022-10-08 18:06:30.558  INFO   [main           ]  org.apache.catalina.core.AprLifecycleListener      :  APR/OpenSSL configuration: useAprConnector [false], useOpenSSL [true]
2022-10-08 18:06:30.561  INFO   [main           ]  org.apache.catalina.core.AprLifecycleListener      :  OpenSSL successfully initialized [OpenSSL 1.1.1k  25 Mar 2021]
2022-10-08 18:06:30.574  INFO   [main           ]  org.apache.coyote.http11.Http11NioProtocol         :  Initializing ProtocolHandler ["http-nio-8080"]
2022-10-08 18:06:30.575  INFO   [main           ]  org.apache.catalina.core.StandardService           :  Starting service [Tomcat]
2022-10-08 18:06:30.575  INFO   [main           ]  org.apache.catalina.core.StandardEngine            :  Starting Servlet engine: [Apache Tomcat/9.0.65]
2022-10-08 18:06:30.669  INFO   [main           ]  o.a.c.core.ContainerBase.[Tomcat].[localhost].[/]  :  Initializing Spring embedded WebApplicationContext
2022-10-08 18:06:30.669  INFO   [main           ]  o.s.b.w.s.c.ServletWebServerApplicationContext     :  Root WebApplicationContext: initialization completed in 1790 ms
2022-10-08 18:06:30.835  INFO   [main           ]  c.a.d.s.b.a.DruidDataSourceAutoConfigure           :  Init DruidDataSource
2022-10-08 18:06:30.944  INFO   [main           ]  com.alibaba.druid.pool.DruidDataSource             :  {dataSource-1} inited
2022-10-08 18:06:31.676  INFO   [main           ]  o.s.b.a.web.servlet.WelcomePageHandlerMapping      :  Adding welcome page template: index
2022-10-08 18:06:32.056  INFO   [main           ]  org.apache.coyote.http11.Http11NioProtocol         :  Starting ProtocolHandler ["http-nio-8080"]
2022-10-08 18:06:32.084  INFO   [main           ]  o.s.boot.web.embedded.tomcat.TomcatWebServer       :  Tomcat started on port(s): 8080 (http) with context path ''
2022-10-08 18:06:32.095  INFO   [main           ]  com.example.ld.LdApplication                       :  Started LdApplication in 3.851 seconds (JVM running for 5.898)
2022-10-08 18:06:34.803  INFO   [nio-8080-exec-1]  o.a.c.core.ContainerBase.[Tomcat].[localhost].[/]  :  Initializing Spring DispatcherServlet 'dispatcherServlet'
2022-10-08 18:06:34.803  INFO   [nio-8080-exec-1]  org.springframework.web.servlet.DispatcherServlet  :  Initializing Servlet 'dispatcherServlet'
2022-10-08 18:06:34.805  INFO   [nio-8080-exec-1]  org.springframework.web.servlet.DispatcherServlet  :  Completed initialization in 2 ms
2022-10-08 18:06:47.575  INFO   [ionShutdownHook]  com.alibaba.druid.pool.DruidDataSource             :  {dataSource-1} closing ...
2022-10-08 18:06:47.579  INFO   [ionShutdownHook]  com.alibaba.druid.pool.DruidDataSource             :  {dataSource-1} closed
2022-10-08 18:06:51.533  INFO   [main           ]  com.example.ld.LdApplication                       :  Starting LdApplication using Java 11.0.12 on LAPTOP-VTI99V7I with PID 20512 (F:\Springboot自学\牛客V2\target\classes started by 83799 in F:\Springboot自学\牛客V2)
2022-10-08 18:06:51.536  INFO   [main           ]  com.example.ld.LdApplication                       :  No active profile set, falling back to 1 default profile: "default"
2022-10-08 18:06:52.444  INFO   [main           ]  o.s.d.r.config.RepositoryConfigurationDelegate     :  Multiple Spring Data modules found, entering strict repository configuration mode
2022-10-08 18:06:52.447  INFO   [main           ]  o.s.d.r.config.RepositoryConfigurationDelegate     :  Bootstrapping Spring Data Redis repositories in DEFAULT mode.
2022-10-08 18:06:52.493  INFO   [main           ]  o.s.d.r.config.RepositoryConfigurationDelegate     :  Finished Spring Data repository scanning in 18 ms. Found 0 Redis repository interfaces.
2022-10-08 18:06:53.241  INFO   [main           ]  o.s.boot.web.embedded.tomcat.TomcatWebServer       :  Tomcat initialized with port(s): 8080 (http)
2022-10-08 18:06:53.242  INFO   [main           ]  org.apache.catalina.core.AprLifecycleListener      :  Loaded Apache Tomcat Native library [1.2.30] using APR version [1.7.0].
2022-10-08 18:06:53.243  INFO   [main           ]  org.apache.catalina.core.AprLifecycleListener      :  APR capabilities: IPv6 [true], sendfile [true], accept filters [false], random [true], UDS [true].
2022-10-08 18:06:53.243  INFO   [main           ]  org.apache.catalina.core.AprLifecycleListener      :  APR/OpenSSL configuration: useAprConnector [false], useOpenSSL [true]
2022-10-08 18:06:53.246  INFO   [main           ]  org.apache.catalina.core.AprLifecycleListener      :  OpenSSL successfully initialized [OpenSSL 1.1.1k  25 Mar 2021]
2022-10-08 18:06:53.258  INFO   [main           ]  org.apache.coyote.http11.Http11NioProtocol         :  Initializing ProtocolHandler ["http-nio-8080"]
2022-10-08 18:06:53.259  INFO   [main           ]  org.apache.catalina.core.StandardService           :  Starting service [Tomcat]
2022-10-08 18:06:53.259  INFO   [main           ]  org.apache.catalina.core.StandardEngine            :  Starting Servlet engine: [Apache Tomcat/9.0.65]
2022-10-08 18:06:53.343  INFO   [main           ]  o.a.c.core.ContainerBase.[Tomcat].[localhost].[/]  :  Initializing Spring embedded WebApplicationContext
2022-10-08 18:06:53.343  INFO   [main           ]  o.s.b.w.s.c.ServletWebServerApplicationContext     :  Root WebApplicationContext: initialization completed in 1750 ms
2022-10-08 18:06:53.489  INFO   [main           ]  c.a.d.s.b.a.DruidDataSourceAutoConfigure           :  Init DruidDataSource
2022-10-08 18:06:53.588  INFO   [main           ]  com.alibaba.druid.pool.DruidDataSource             :  {dataSource-1} inited
2022-10-08 18:06:54.374  INFO   [main           ]  o.s.b.a.web.servlet.WelcomePageHandlerMapping      :  Adding welcome page template: index
2022-10-08 18:06:54.748  INFO   [main           ]  org.apache.coyote.http11.Http11NioProtocol         :  Starting ProtocolHandler ["http-nio-8080"]
2022-10-08 18:06:54.776  INFO   [main           ]  o.s.boot.web.embedded.tomcat.TomcatWebServer       :  Tomcat started on port(s): 8080 (http) with context path ''
2022-10-08 18:06:54.788  INFO   [main           ]  com.example.ld.LdApplication                       :  Started LdApplication in 3.94 seconds (JVM running for 6.095)
2022-10-08 18:06:54.914  INFO   [nio-8080-exec-1]  o.a.c.core.ContainerBase.[Tomcat].[localhost].[/]  :  Initializing Spring DispatcherServlet 'dispatcherServlet'
2022-10-08 18:06:54.915  INFO   [nio-8080-exec-1]  org.springframework.web.servlet.DispatcherServlet  :  Initializing Servlet 'dispatcherServlet'
2022-10-08 18:06:54.916  INFO   [nio-8080-exec-1]  org.springframework.web.servlet.DispatcherServlet  :  Completed initialization in 1 ms
2022-10-08 18:08:11.755  INFO   [main           ]  com.example.ld.LdApplication                       :  Starting LdApplication using Java 11.0.12 on LAPTOP-VTI99V7I with PID 19004 (F:\Springboot自学\牛客V2\target\classes started by 83799 in F:\Springboot自学\牛客V2)
2022-10-08 18:08:11.758  INFO   [main           ]  com.example.ld.LdApplication                       :  No active profile set, falling back to 1 default profile: "default"
2022-10-08 18:08:12.530  INFO   [main           ]  o.s.d.r.config.RepositoryConfigurationDelegate     :  Multiple Spring Data modules found, entering strict repository configuration mode
2022-10-08 18:08:12.533  INFO   [main           ]  o.s.d.r.config.RepositoryConfigurationDelegate     :  Bootstrapping Spring Data Redis repositories in DEFAULT mode.
2022-10-08 18:08:12.562  INFO   [main           ]  o.s.d.r.config.RepositoryConfigurationDelegate     :  Finished Spring Data repository scanning in 12 ms. Found 0 Redis repository interfaces.
2022-10-08 18:08:13.236  INFO   [main           ]  o.s.boot.web.embedded.tomcat.TomcatWebServer       :  Tomcat initialized with port(s): 8080 (http)
2022-10-08 18:08:13.237  INFO   [main           ]  org.apache.catalina.core.AprLifecycleListener      :  Loaded Apache Tomcat Native library [1.2.30] using APR version [1.7.0].
2022-10-08 18:08:13.238  INFO   [main           ]  org.apache.catalina.core.AprLifecycleListener      :  APR capabilities: IPv6 [true], sendfile [true], accept filters [false], random [true], UDS [true].
2022-10-08 18:08:13.238  INFO   [main           ]  org.apache.catalina.core.AprLifecycleListener      :  APR/OpenSSL configuration: useAprConnector [false], useOpenSSL [true]
2022-10-08 18:08:13.240  INFO   [main           ]  org.apache.catalina.core.AprLifecycleListener      :  OpenSSL successfully initialized [OpenSSL 1.1.1k  25 Mar 2021]
2022-10-08 18:08:13.251  INFO   [main           ]  org.apache.coyote.http11.Http11NioProtocol         :  Initializing ProtocolHandler ["http-nio-8080"]
2022-10-08 18:08:13.251  INFO   [main           ]  org.apache.catalina.core.StandardService           :  Starting service [Tomcat]
2022-10-08 18:08:13.252  INFO   [main           ]  org.apache.catalina.core.StandardEngine            :  Starting Servlet engine: [Apache Tomcat/9.0.65]
2022-10-08 18:08:13.328  INFO   [main           ]  o.a.c.core.ContainerBase.[Tomcat].[localhost].[/]  :  Initializing Spring embedded WebApplicationContext
2022-10-08 18:08:13.328  INFO   [main           ]  o.s.b.w.s.c.ServletWebServerApplicationContext     :  Root WebApplicationContext: initialization completed in 1514 ms
2022-10-08 18:08:13.455  INFO   [main           ]  c.a.d.s.b.a.DruidDataSourceAutoConfigure           :  Init DruidDataSource
2022-10-08 18:08:13.543  INFO   [main           ]  com.alibaba.druid.pool.DruidDataSource             :  {dataSource-1} inited
2022-10-08 18:08:14.196  INFO   [main           ]  o.s.b.a.web.servlet.WelcomePageHandlerMapping      :  Adding welcome page template: index
2022-10-08 18:08:14.548  INFO   [main           ]  org.apache.coyote.http11.Http11NioProtocol         :  Starting ProtocolHandler ["http-nio-8080"]
2022-10-08 18:08:14.574  INFO   [main           ]  o.s.boot.web.embedded.tomcat.TomcatWebServer       :  Tomcat started on port(s): 8080 (http) with context path ''
2022-10-08 18:08:14.585  INFO   [main           ]  com.example.ld.LdApplication                       :  Started LdApplication in 3.505 seconds (JVM running for 5.188)
2022-10-08 18:08:16.120  INFO   [nio-8080-exec-3]  o.a.c.core.ContainerBase.[Tomcat].[localhost].[/]  :  Initializing Spring DispatcherServlet 'dispatcherServlet'
2022-10-08 18:08:16.120  INFO   [nio-8080-exec-3]  org.springframework.web.servlet.DispatcherServlet  :  Initializing Servlet 'dispatcherServlet'
2022-10-08 18:08:16.122  INFO   [nio-8080-exec-3]  org.springframework.web.servlet.DispatcherServlet  :  Completed initialization in 0 ms
2022-10-08 18:11:45.211  INFO   [ionShutdownHook]  com.alibaba.druid.pool.DruidDataSource             :  {dataSource-1} closing ...
2022-10-08 18:11:45.214  INFO   [ionShutdownHook]  com.alibaba.druid.pool.DruidDataSource             :  {dataSource-1} closed
