2022-09-28 21:12:14.447  INFO   [main           ]  com.example.ld.LdApplication                       :  Starting LdApplication using Java 11.0.12 on LAPTOP-VTI99V7I with PID 29792 (F:\Springboot自学\牛客V2\target\classes started by 83799 in F:\Springboot自学\牛客V2)
2022-09-28 21:12:14.449  INFO   [main           ]  com.example.ld.LdApplication                       :  No active profile set, falling back to 1 default profile: "default"
2022-09-28 21:12:15.653  INFO   [main           ]  o.s.boot.web.embedded.tomcat.TomcatWebServer       :  Tomcat initialized with port(s): 8080 (http)
2022-09-28 21:12:15.654  INFO   [main           ]  org.apache.catalina.core.AprLifecycleListener      :  Loaded Apache Tomcat Native library [1.2.30] using APR version [1.7.0].
2022-09-28 21:12:15.655  INFO   [main           ]  org.apache.catalina.core.AprLifecycleListener      :  APR capabilities: IPv6 [true], sendfile [true], accept filters [false], random [true], UDS [true].
2022-09-28 21:12:15.655  INFO   [main           ]  org.apache.catalina.core.AprLifecycleListener      :  APR/OpenSSL configuration: useAprConnector [false], useOpenSSL [true]
2022-09-28 21:12:15.658  INFO   [main           ]  org.apache.catalina.core.AprLifecycleListener      :  OpenSSL successfully initialized [OpenSSL 1.1.1k  25 Mar 2021]
2022-09-28 21:12:15.668  INFO   [main           ]  org.apache.coyote.http11.Http11NioProtocol         :  Initializing ProtocolHandler ["http-nio-8080"]
2022-09-28 21:12:15.669  INFO   [main           ]  org.apache.catalina.core.StandardService           :  Starting service [Tomcat]
2022-09-28 21:12:15.669  INFO   [main           ]  org.apache.catalina.core.StandardEngine            :  Starting Servlet engine: [Apache Tomcat/9.0.65]
2022-09-28 21:12:15.743  INFO   [main           ]  o.a.c.core.ContainerBase.[Tomcat].[localhost].[/]  :  Initializing Spring embedded WebApplicationContext
2022-09-28 21:12:15.743  INFO   [main           ]  o.s.b.w.s.c.ServletWebServerApplicationContext     :  Root WebApplicationContext: initialization completed in 1246 ms
2022-09-28 21:12:15.865  INFO   [main           ]  c.a.d.s.b.a.DruidDataSourceAutoConfigure           :  Init DruidDataSource
2022-09-28 21:12:15.948  INFO   [main           ]  com.alibaba.druid.pool.DruidDataSource             :  {dataSource-1} inited
2022-09-28 21:12:16.351  INFO   [main           ]  o.s.b.a.web.servlet.WelcomePageHandlerMapping      :  Adding welcome page template: index
2022-09-28 21:12:16.625  INFO   [main           ]  org.apache.coyote.http11.Http11NioProtocol         :  Starting ProtocolHandler ["http-nio-8080"]
2022-09-28 21:12:16.650  INFO   [main           ]  o.s.boot.web.embedded.tomcat.TomcatWebServer       :  Tomcat started on port(s): 8080 (http) with context path ''
2022-09-28 21:12:16.660  INFO   [main           ]  com.example.ld.LdApplication                       :  Started LdApplication in 2.832 seconds (JVM running for 4.375)
2022-09-28 21:13:23.750  INFO   [ionShutdownHook]  com.alibaba.druid.pool.DruidDataSource             :  {dataSource-1} closing ...
2022-09-28 21:13:23.752  INFO   [ionShutdownHook]  com.alibaba.druid.pool.DruidDataSource             :  {dataSource-1} closed
